<?xml version="1.0" encoding="UTF-8"?>
<testsuite xmlns:xsi="http://www.w3.org/2001/XMLSchema-instance" xsi:noNamespaceSchemaLocation="https://maven.apache.org/surefire/maven-surefire-plugin/xsd/surefire-test-report-3.0.xsd" version="3.0" name="com.vaultcore.controller.MfaControllerTest" time="1.774" tests="3" errors="0" skipped="0" failures="0">
  <properties>
[...]
</properties>
  <testcase name="testVerifyMfa_InvalidOtp" classname="com.vaultcore.controller.MfaControllerTest" time="0.387">
    <system-out><![CDATA[2026-04-02 17:42:55.474 [main] INFO  o.s.t.c.s.AnnotationConfigContextLoaderUtils - Could not detect default configuration classes for test class [com.vaultcore.controller.MfaControllerTest]: MfaControllerTest does not declare any static, non-private, non-final, nested classes annotated with @Configuration.
2026-04-02 17:42:55.559 [main] INFO  o.s.b.t.c.SpringBootTestContextBootstrapper - Found @SpringBootConfiguration com.vaultcore.VaultCoreApplication for test class com.vaultcore.controller.MfaControllerTest

  .   ____          _            __ _ _
 /\\ / ___'_ __ _ _(_)_ __  __ _ \ \ \ \
( ( )\___ | '_ | '_| | '_ \/ _` | \ \ \ \
 \\/  ___)| |_)| | | | | || (_| |  ) ) ) )
  '  |____| .__|_| |_|_| |_\__, | / / / /
 =========|_|==============|___/=/_/_/_/

 :: Spring Boot ::                (v3.3.5)

2026-04-02 17:42:55.661 [main] INFO  c.v.controller.MfaControllerTest - Starting MfaControllerTest using Java 21.0.10 with PID 40516 (started by ADNAN in D:\VAULTCORE FINANCIAL\backend)
2026-04-02 17:42:55.661 [main] INFO  c.v.controller.MfaControllerTest - No active profile set, falling back to 1 default profile: "default"
2026-04-02 17:42:56.763 [main] INFO  o.s.b.t.m.w.SpringBootMockServletContext - Initializing Spring TestDispatcherServlet ''
2026-04-02 17:42:56.764 [main] INFO  o.s.t.w.s.TestDispatcherServlet - Initializing Servlet ''
2026-04-02 17:42:56.766 [main] INFO  o.s.t.w.s.TestDispatcherServlet - Completed initialization in 2 ms
2026-04-02 17:42:56.802 [main] INFO  c.v.controller.MfaControllerTest - Started MfaControllerTest in 1.233 seconds (process running for 40.676)
]]></system-out>
  </testcase>
  <testcase name="testVerifyMfa_Success" classname="com.vaultcore.controller.MfaControllerTest" time="0.014"/>
  <testcase name="testVerifyMfa_NoJwt" classname="com.vaultcore.controller.MfaControllerTest" time="0.027"/>
</testsuite>