<?xml version="1.0" encoding="UTF-8"?>
<testsuite xmlns:xsi="http://www.w3.org/2001/XMLSchema-instance" xsi:noNamespaceSchemaLocation="https://maven.apache.org/surefire/maven-surefire-plugin/xsd/surefire-test-report-3.0.xsd" version="3.0" name="com.vaultcore.ConcurrencyTest" time="31.239" tests="1" errors="0" skipped="0" failures="0">
  <properties>
[...]
</properties>
  <testcase name="testConcurrentTransfersMaintainACID" classname="com.vaultcore.ConcurrencyTest" time="2.87">
    <system-out><![CDATA[17:42:24.497 [main] INFO org.springframework.test.context.support.AnnotationConfigContextLoaderUtils -- Could not detect default configuration classes for test class [com.vaultcore.ConcurrencyTest]: ConcurrencyTest does not declare any static, non-private, non-final, nested classes annotated with @Configuration.
17:42:24.820 [main] INFO org.springframework.boot.test.context.SpringBootTestContextBootstrapper -- Found @SpringBootConfiguration com.vaultcore.VaultCoreApplication for test class com.vaultcore.ConcurrencyTest

  .   ____          _            __ _ _
 /\\ / ___'_ __ _ _(_)_ __  __ _ \ \ \ \
( ( )\___ | '_ | '_| | '_ \/ _` | \ \ \ \
 \\/  ___)| |_)| | | | | || (_| |  ) ) ) )
  '  |____| .__|_| |_|_| |_\__, | / / / /
 =========|_|==============|___/=/_/_/_/

 :: Spring Boot ::                (v3.3.5)

2026-04-02 17:42:26.127 [main] INFO  com.vaultcore.ConcurrencyTest - Starting ConcurrencyTest using Java 21.0.10 with PID 40516 (started by ADNAN in D:\VAULTCORE FINANCIAL\backend)
2026-04-02 17:42:26.130 [main] INFO  com.vaultcore.ConcurrencyTest - The following 1 profile is active: "test"
2026-04-02 17:42:31.038 [main] INFO  o.s.d.r.c.RepositoryConfigurationDelegate - Multiple Spring Data modules found, entering strict repository configuration mode
2026-04-02 17:42:31.047 [main] INFO  o.s.d.r.c.RepositoryConfigurationDelegate - Bootstrapping Spring Data JPA repositories in DEFAULT mode.
2026-04-02 17:42:31.648 [main] INFO  o.s.d.r.c.RepositoryConfigurationDelegate - Finished Spring Data repository scanning in 579 ms. Found 7 JPA repository interfaces.
2026-04-02 17:42:31.807 [main] INFO  o.s.d.r.c.RepositoryConfigurationDelegate - Multiple Spring Data modules found, entering strict repository configuration mode
2026-04-02 17:42:31.815 [main] INFO  o.s.d.r.c.RepositoryConfigurationDelegate - Bootstrapping Spring Data Redis repositories in DEFAULT mode.
2026-04-02 17:42:31.908 [main] INFO  o.s.d.r.c.RepositoryConfigurationExtensionSupport - Spring Data Redis - Could not safely identify store assignment for repository candidate interface com.vaultcore.repository.AccountRepository; If you want this repository to be a Redis repository, consider annotating your entities with one of these annotations: org.springframework.data.redis.core.RedisHash (preferred), or consider extending one of the following types with your repository: org.springframework.data.keyvalue.repository.KeyValueRepository
2026-04-02 17:42:31.909 [main] INFO  o.s.d.r.c.RepositoryConfigurationExtensionSupport - Spring Data Redis - Could not safely identify store assignment for repository candidate interface com.vaultcore.repository.AuditLogRepository; If you want this repository to be a Redis repository, consider annotating your entities with one of these annotations: org.springframework.data.redis.core.RedisHash (preferred), or consider extending one of the following types with your repository: org.springframework.data.keyvalue.repository.KeyValueRepository
2026-04-02 17:42:31.911 [main] INFO  o.s.d.r.c.RepositoryConfigurationExtensionSupport - Spring Data Redis - Could not safely identify store assignment for repository candidate interface com.vaultcore.repository.LedgerEntryRepository; If you want this repository to be a Redis repository, consider annotating your entities with one of these annotations: org.springframework.data.redis.core.RedisHash (preferred), or consider extending one of the following types with your repository: org.springframework.data.keyvalue.repository.KeyValueRepository
2026-04-02 17:42:31.912 [main] INFO  o.s.d.r.c.RepositoryConfigurationExtensionSupport - Spring Data Redis - Could not safely identify store assignment for repository candidate interface com.vaultcore.repository.MfaTokenRepository; If you want this repository to be a Redis repository, consider annotating your entities with one of these annotations: org.springframework.data.redis.core.RedisHash (preferred), or consider extending one of the following types with your repository: org.springframework.data.keyvalue.repository.KeyValueRepository
2026-04-02 17:42:31.912 [main] INFO  o.s.d.r.c.RepositoryConfigurationExtensionSupport - Spring Data Redis - Could not safely identify store assignment for repository candidate interface com.vaultcore.repository.StockPositionRepository; If you want this repository to be a Redis repository, consider annotating your entities with one of these annotations: org.springframework.data.redis.core.RedisHash (preferred), or consider extending one of the following types with your repository: org.springframework.data.keyvalue.repository.KeyValueRepository
2026-04-02 17:42:31.912 [main] INFO  o.s.d.r.c.RepositoryConfigurationExtensionSupport - Spring Data Redis - Could not safely identify store assignment for repository candidate interface com.vaultcore.repository.TransactionRepository; If you want this repository to be a Redis repository, consider annotating your entities with one of these annotations: org.springframework.data.redis.core.RedisHash (preferred), or consider extending one of the following types with your repository: org.springframework.data.keyvalue.repository.KeyValueRepository
2026-04-02 17:42:31.915 [main] INFO  o.s.d.r.c.RepositoryConfigurationExtensionSupport - Spring Data Redis - Could not safely identify store assignment for repository candidate interface com.vaultcore.repository.UserRepository; If you want this repository to be a Redis repository, consider annotating your entities with one of these annotations: org.springframework.data.redis.core.RedisHash (preferred), or consider extending one of the following types with your repository: org.springframework.data.keyvalue.repository.KeyValueRepository
2026-04-02 17:42:31.915 [main] INFO  o.s.d.r.c.RepositoryConfigurationDelegate - Finished Spring Data repository scanning in 31 ms. Found 0 Redis repository interfaces.
2026-04-02 17:42:34.831 [main] INFO  o.h.jpa.internal.util.LogHelper - HHH000204: Processing PersistenceUnitInfo [name: default]
2026-04-02 17:42:35.019 [main] INFO  org.hibernate.Version - HHH000412: Hibernate ORM core version 6.5.3.Final
2026-04-02 17:42:35.122 [main] INFO  o.h.c.i.RegionFactoryInitiator - HHH000026: Second-level cache disabled
2026-04-02 17:42:35.449 [main] INFO  o.s.o.j.p.SpringPersistenceUnitInfo - No LoadTimeWeaver setup: ignoring JPA class transformer
2026-04-02 17:42:35.533 [main] INFO  com.zaxxer.hikari.HikariDataSource - HikariPool-1 - Starting...
2026-04-02 17:42:36.286 [main] INFO  com.zaxxer.hikari.pool.HikariPool - HikariPool-1 - Added connection conn0: url=jdbc:h2:mem:vaultcore_test user=SA
2026-04-02 17:42:36.291 [main] INFO  com.zaxxer.hikari.HikariDataSource - HikariPool-1 - Start completed.
2026-04-02 17:42:36.373 [main] WARN  org.hibernate.orm.deprecation - HHH90000025: H2Dialect does not need to be specified explicitly using 'hibernate.dialect' (remove the property setting and it will be selected by default)
2026-04-02 17:42:39.092 [main] INFO  o.h.e.t.j.p.i.JtaPlatformInitiator - HHH000489: No JTA platform available (set 'hibernate.transaction.jta.platform' to enable JTA platform integration)
2026-04-02 17:42:39.279 [main] INFO  o.s.o.j.LocalContainerEntityManagerFactoryBean - Initialized JPA EntityManagerFactory for persistence unit 'default'
2026-04-02 17:42:44.426 [main] INFO  o.s.d.j.r.query.QueryEnhancerFactory - Hibernate is in classpath; If applicable, HQL parser will be used.
2026-04-02 17:42:49.453 [main] INFO  o.s.b.a.e.web.EndpointLinksResolver - Exposing 3 endpoints beneath base path '/actuator'
2026-04-02 17:42:52.350 [main] INFO  com.vaultcore.ConcurrencyTest - Started ConcurrencyTest in 27.101 seconds (process running for 36.223)
2026-04-02 17:42:52.984 [pool-4-thread-1] INFO  c.vaultcore.service.TransferService - Transfer initiated: CONC_SRC_1 -> CONC_DST_1, amount: 10.00
2026-04-02 17:42:52.984 [pool-4-thread-19] INFO  c.vaultcore.service.TransferService - Transfer initiated: CONC_SRC_1 -> CONC_DST_1, amount: 10.00
2026-04-02 17:42:52.984 [pool-4-thread-10] INFO  c.vaultcore.service.TransferService - Transfer initiated: CONC_SRC_1 -> CONC_DST_1, amount: 10.00
2026-04-02 17:42:52.985 [pool-4-thread-2] INFO  c.vaultcore.service.TransferService - Transfer initiated: CONC_SRC_1 -> CONC_DST_1, amount: 10.00
2026-04-02 17:42:52.984 [pool-4-thread-8] INFO  c.vaultcore.service.TransferService - Transfer initiated: CONC_SRC_1 -> CONC_DST_1, amount: 10.00
2026-04-02 17:42:52.984 [pool-4-thread-4] INFO  c.vaultcore.service.TransferService - Transfer initiated: CONC_SRC_1 -> CONC_DST_1, amount: 10.00
2026-04-02 17:42:52.985 [pool-4-thread-11] INFO  c.vaultcore.service.TransferService - Transfer initiated: CONC_SRC_1 -> CONC_DST_1, amount: 10.00
2026-04-02 17:42:52.987 [pool-4-thread-3] INFO  c.vaultcore.service.TransferService - Transfer initiated: CONC_SRC_1 -> CONC_DST_1, amount: 10.00
2026-04-02 17:42:52.988 [pool-4-thread-5] INFO  c.vaultcore.service.TransferService - Transfer initiated: CONC_SRC_1 -> CONC_DST_1, amount: 10.00
2026-04-02 17:42:53.011 [pool-4-thread-6] INFO  c.vaultcore.service.TransferService - Transfer initiated: CONC_SRC_1 -> CONC_DST_1, amount: 10.00
2026-04-02 17:42:53.051 [pool-4-thread-7] INFO  c.vaultcore.service.TransferService - Transfer initiated: CONC_SRC_1 -> CONC_DST_1, amount: 10.00
2026-04-02 17:42:53.098 [pool-4-thread-12] INFO  c.vaultcore.service.TransferService - Transfer initiated: CONC_SRC_1 -> CONC_DST_1, amount: 10.00
2026-04-02 17:42:53.146 [pool-4-thread-13] INFO  c.vaultcore.service.TransferService - Transfer initiated: CONC_SRC_1 -> CONC_DST_1, amount: 10.00
2026-04-02 17:42:53.190 [pool-4-thread-14] INFO  c.vaultcore.service.TransferService - Transfer initiated: CONC_SRC_1 -> CONC_DST_1, amount: 10.00
2026-04-02 17:42:53.225 [pool-4-thread-15] INFO  c.vaultcore.service.TransferService - Transfer initiated: CONC_SRC_1 -> CONC_DST_1, amount: 10.00
2026-04-02 17:42:53.267 [pool-4-thread-2] INFO  c.vaultcore.service.TransferService - Transfer completed: 10.00 (ref: TXN-16225D53-4FF)
2026-04-02 17:42:53.270 [pool-4-thread-17] INFO  c.vaultcore.service.TransferService - Transfer initiated: CONC_SRC_1 -> CONC_DST_1, amount: 10.00
2026-04-02 17:42:53.303 [pool-4-thread-16] INFO  c.vaultcore.service.TransferService - Transfer initiated: CONC_SRC_1 -> CONC_DST_1, amount: 10.00
2026-04-02 17:42:53.311 [pool-4-thread-4] INFO  c.vaultcore.service.TransferService - Transfer completed: 10.00 (ref: TXN-DDAEF274-25B)
2026-04-02 17:42:53.315 [pool-4-thread-18] INFO  c.vaultcore.service.TransferService - Transfer initiated: CONC_SRC_1 -> CONC_DST_1, amount: 10.00
2026-04-02 17:42:53.322 [pool-4-thread-9] INFO  c.vaultcore.service.TransferService - Transfer initiated: CONC_SRC_1 -> CONC_DST_1, amount: 10.00
2026-04-02 17:42:53.330 [pool-4-thread-19] INFO  c.vaultcore.service.TransferService - Transfer completed: 10.00 (ref: TXN-3EDBF8C1-114)
2026-04-02 17:42:53.343 [pool-4-thread-20] INFO  c.vaultcore.service.TransferService - Transfer initiated: CONC_SRC_1 -> CONC_DST_1, amount: 10.00
2026-04-02 17:42:53.347 [pool-4-thread-21] INFO  c.vaultcore.service.TransferService - Transfer initiated: CONC_SRC_1 -> CONC_DST_1, amount: 10.00
2026-04-02 17:42:53.349 [pool-4-thread-18] INFO  c.vaultcore.service.TransferService - Transfer completed: 10.00 (ref: TXN-686AAE18-F36)
2026-04-02 17:42:53.360 [pool-4-thread-22] INFO  c.vaultcore.service.TransferService - Transfer initiated: CONC_SRC_1 -> CONC_DST_1, amount: 10.00
2026-04-02 17:42:53.369 [pool-4-thread-15] INFO  c.vaultcore.service.TransferService - Transfer completed: 10.00 (ref: TXN-187143BE-00B)
2026-04-02 17:42:53.379 [pool-4-thread-23] INFO  c.vaultcore.service.TransferService - Transfer initiated: CONC_SRC_1 -> CONC_DST_1, amount: 10.00
2026-04-02 17:42:53.382 [pool-4-thread-24] INFO  c.vaultcore.service.TransferService - Transfer initiated: CONC_SRC_1 -> CONC_DST_1, amount: 10.00
2026-04-02 17:42:53.388 [pool-4-thread-21] INFO  c.vaultcore.service.TransferService - Transfer completed: 10.00 (ref: TXN-3D39E237-CB3)
2026-04-02 17:42:53.402 [pool-4-thread-25] INFO  c.vaultcore.service.TransferService - Transfer initiated: CONC_SRC_1 -> CONC_DST_1, amount: 10.00
2026-04-02 17:42:53.408 [pool-4-thread-22] INFO  c.vaultcore.service.TransferService - Transfer completed: 10.00 (ref: TXN-1A21A2AC-035)
2026-04-02 17:42:53.420 [pool-4-thread-28] INFO  c.vaultcore.service.TransferService - Transfer initiated: CONC_SRC_1 -> CONC_DST_1, amount: 10.00
2026-04-02 17:42:53.424 [pool-4-thread-30] INFO  c.vaultcore.service.TransferService - Transfer initiated: CONC_SRC_1 -> CONC_DST_1, amount: 10.00
2026-04-02 17:42:53.430 [pool-4-thread-25] INFO  c.vaultcore.service.TransferService - Transfer completed: 10.00 (ref: TXN-4C2741A0-1E4)
2026-04-02 17:42:53.444 [pool-4-thread-29] INFO  c.vaultcore.service.TransferService - Transfer initiated: CONC_SRC_1 -> CONC_DST_1, amount: 10.00
2026-04-02 17:42:53.454 [pool-4-thread-14] INFO  c.vaultcore.service.TransferService - Transfer completed: 10.00 (ref: TXN-18612C52-86D)
2026-04-02 17:42:53.471 [pool-4-thread-27] INFO  c.vaultcore.service.TransferService - Transfer initiated: CONC_SRC_1 -> CONC_DST_1, amount: 10.00
2026-04-02 17:42:53.477 [pool-4-thread-28] INFO  c.vaultcore.service.TransferService - Transfer completed: 10.00 (ref: TXN-9E9E2652-DA1)
2026-04-02 17:42:53.490 [pool-4-thread-26] INFO  c.vaultcore.service.TransferService - Transfer initiated: CONC_SRC_1 -> CONC_DST_1, amount: 10.00
2026-04-02 17:42:53.497 [pool-4-thread-27] INFO  c.vaultcore.service.TransferService - Transfer completed: 10.00 (ref: TXN-B2C8A9BD-A1E)
2026-04-02 17:42:53.510 [pool-4-thread-33] INFO  c.vaultcore.service.TransferService - Transfer initiated: CONC_SRC_1 -> CONC_DST_1, amount: 10.00
2026-04-02 17:42:53.518 [pool-4-thread-16] INFO  c.vaultcore.service.TransferService - Transfer completed: 10.00 (ref: TXN-3A18F130-811)
2026-04-02 17:42:53.534 [pool-4-thread-43] INFO  c.vaultcore.service.TransferService - Transfer initiated: CONC_SRC_1 -> CONC_DST_1, amount: 10.00
2026-04-02 17:42:53.539 [pool-4-thread-26] INFO  c.vaultcore.service.TransferService - Transfer completed: 10.00 (ref: TXN-4FD9D8CF-9E4)
2026-04-02 17:42:53.555 [pool-4-thread-36] INFO  c.vaultcore.service.TransferService - Transfer initiated: CONC_SRC_1 -> CONC_DST_1, amount: 10.00
2026-04-02 17:42:53.564 [pool-4-thread-33] INFO  c.vaultcore.service.TransferService - Transfer completed: 10.00 (ref: TXN-53F8F949-5EC)
2026-04-02 17:42:53.577 [pool-4-thread-34] INFO  c.vaultcore.service.TransferService - Transfer initiated: CONC_SRC_1 -> CONC_DST_1, amount: 10.00
2026-04-02 17:42:53.587 [pool-4-thread-36] INFO  c.vaultcore.service.TransferService - Transfer completed: 10.00 (ref: TXN-3BDD0DA0-013)
2026-04-02 17:42:53.602 [pool-4-thread-32] INFO  c.vaultcore.service.TransferService - Transfer initiated: CONC_SRC_1 -> CONC_DST_1, amount: 10.00
2026-04-02 17:42:53.614 [pool-4-thread-24] INFO  c.vaultcore.service.TransferService - Transfer completed: 10.00 (ref: TXN-DBD6519A-442)
2026-04-02 17:42:53.640 [pool-4-thread-40] INFO  c.vaultcore.service.TransferService - Transfer initiated: CONC_SRC_1 -> CONC_DST_1, amount: 10.00
2026-04-02 17:42:53.649 [pool-4-thread-32] INFO  c.vaultcore.service.TransferService - Transfer completed: 10.00 (ref: TXN-7B72AC80-560)
2026-04-02 17:42:53.660 [pool-4-thread-31] INFO  c.vaultcore.service.TransferService - Transfer initiated: CONC_SRC_1 -> CONC_DST_1, amount: 10.00
2026-04-02 17:42:53.678 [pool-4-thread-23] INFO  c.vaultcore.service.TransferService - Transfer completed: 10.00 (ref: TXN-AE53416F-78E)
2026-04-02 17:42:53.703 [pool-4-thread-38] INFO  c.vaultcore.service.TransferService - Transfer initiated: CONC_SRC_1 -> CONC_DST_1, amount: 10.00
2026-04-02 17:42:53.710 [pool-4-thread-40] INFO  c.vaultcore.service.TransferService - Transfer completed: 10.00 (ref: TXN-ADD3FA61-079)
2026-04-02 17:42:53.723 [pool-4-thread-39] INFO  c.vaultcore.service.TransferService - Transfer initiated: CONC_SRC_1 -> CONC_DST_1, amount: 10.00
2026-04-02 17:42:53.730 [pool-4-thread-31] INFO  c.vaultcore.service.TransferService - Transfer completed: 10.00 (ref: TXN-18E41D10-112)
2026-04-02 17:42:53.740 [pool-4-thread-37] INFO  c.vaultcore.service.TransferService - Transfer initiated: CONC_SRC_1 -> CONC_DST_1, amount: 10.00
2026-04-02 17:42:53.748 [pool-4-thread-38] INFO  c.vaultcore.service.TransferService - Transfer completed: 10.00 (ref: TXN-967651DE-4A1)
2026-04-02 17:42:53.759 [pool-4-thread-42] INFO  c.vaultcore.service.TransferService - Transfer initiated: CONC_SRC_1 -> CONC_DST_1, amount: 10.00
2026-04-02 17:42:53.767 [pool-4-thread-39] INFO  c.vaultcore.service.TransferService - Transfer completed: 10.00 (ref: TXN-3E697329-A6E)
2026-04-02 17:42:53.776 [pool-4-thread-41] INFO  c.vaultcore.service.TransferService - Transfer initiated: CONC_SRC_1 -> CONC_DST_1, amount: 10.00
2026-04-02 17:42:53.783 [pool-4-thread-37] INFO  c.vaultcore.service.TransferService - Transfer completed: 10.00 (ref: TXN-6A12CE1C-907)
2026-04-02 17:42:53.793 [pool-4-thread-45] INFO  c.vaultcore.service.TransferService - Transfer initiated: CONC_SRC_1 -> CONC_DST_1, amount: 10.00
2026-04-02 17:42:53.802 [pool-4-thread-41] INFO  c.vaultcore.service.TransferService - Transfer completed: 10.00 (ref: TXN-B1BC4FA5-F43)
2026-04-02 17:42:53.817 [pool-4-thread-44] INFO  c.vaultcore.service.TransferService - Transfer initiated: CONC_SRC_1 -> CONC_DST_1, amount: 10.00
2026-04-02 17:42:53.822 [pool-4-thread-42] INFO  c.vaultcore.service.TransferService - Transfer completed: 10.00 (ref: TXN-828BF427-BC4)
2026-04-02 17:42:53.837 [pool-4-thread-35] INFO  c.vaultcore.service.TransferService - Transfer initiated: CONC_SRC_1 -> CONC_DST_1, amount: 10.00
2026-04-02 17:42:53.847 [pool-4-thread-45] INFO  c.vaultcore.service.TransferService - Transfer completed: 10.00 (ref: TXN-F4E2F2A2-BE1)
2026-04-02 17:42:53.859 [pool-4-thread-46] INFO  c.vaultcore.service.TransferService - Transfer initiated: CONC_SRC_1 -> CONC_DST_1, amount: 10.00
2026-04-02 17:42:53.865 [pool-4-thread-44] INFO  c.vaultcore.service.TransferService - Transfer completed: 10.00 (ref: TXN-BE827873-D20)
2026-04-02 17:42:53.877 [pool-4-thread-67] INFO  c.vaultcore.service.TransferService - Transfer initiated: CONC_SRC_1 -> CONC_DST_1, amount: 10.00
2026-04-02 17:42:53.883 [pool-4-thread-34] INFO  c.vaultcore.service.TransferService - Transfer completed: 10.00 (ref: TXN-255DDDF6-2E0)
2026-04-02 17:42:53.899 [pool-4-thread-49] INFO  c.vaultcore.service.TransferService - Transfer initiated: CONC_SRC_1 -> CONC_DST_1, amount: 10.00
2026-04-02 17:42:53.909 [pool-4-thread-3] INFO  c.vaultcore.service.TransferService - Transfer completed: 10.00 (ref: TXN-28586B02-E69)
2026-04-02 17:42:53.924 [pool-4-thread-48] INFO  c.vaultcore.service.TransferService - Transfer initiated: CONC_SRC_1 -> CONC_DST_1, amount: 10.00
2026-04-02 17:42:53.932 [pool-4-thread-11] INFO  c.vaultcore.service.TransferService - Transfer completed: 10.00 (ref: TXN-303F5A33-34F)
2026-04-02 17:42:53.946 [pool-4-thread-51] INFO  c.vaultcore.service.TransferService - Transfer initiated: CONC_SRC_1 -> CONC_DST_1, amount: 10.00
2026-04-02 17:42:53.952 [pool-4-thread-35] INFO  c.vaultcore.service.TransferService - Transfer completed: 10.00 (ref: TXN-5B299649-D78)
2026-04-02 17:42:53.964 [pool-4-thread-50] INFO  c.vaultcore.service.TransferService - Transfer initiated: CONC_SRC_1 -> CONC_DST_1, amount: 10.00
2026-04-02 17:42:53.973 [pool-4-thread-43] INFO  c.vaultcore.service.TransferService - Transfer completed: 10.00 (ref: TXN-921EFD1F-9C7)
2026-04-02 17:42:53.987 [pool-4-thread-52] INFO  c.vaultcore.service.TransferService - Transfer initiated: CONC_SRC_1 -> CONC_DST_1, amount: 10.00
2026-04-02 17:42:53.999 [pool-4-thread-9] INFO  c.vaultcore.service.TransferService - Transfer completed: 10.00 (ref: TXN-4ABE9B2F-D88)
2026-04-02 17:42:54.014 [pool-4-thread-53] INFO  c.vaultcore.service.TransferService - Transfer initiated: CONC_SRC_1 -> CONC_DST_1, amount: 10.00
2026-04-02 17:42:54.024 [pool-4-thread-50] INFO  c.vaultcore.service.TransferService - Transfer completed: 10.00 (ref: TXN-6CABB860-832)
2026-04-02 17:42:54.035 [pool-4-thread-64] INFO  c.vaultcore.service.TransferService - Transfer initiated: CONC_SRC_1 -> CONC_DST_1, amount: 10.00
2026-04-02 17:42:54.041 [pool-4-thread-52] INFO  c.vaultcore.service.TransferService - Transfer completed: 10.00 (ref: TXN-5D2E5F92-35D)
2026-04-02 17:42:54.053 [pool-4-thread-69] INFO  c.vaultcore.service.TransferService - Transfer initiated: CONC_SRC_1 -> CONC_DST_1, amount: 10.00
2026-04-02 17:42:54.059 [pool-4-thread-53] INFO  c.vaultcore.service.TransferService - Transfer completed: 10.00 (ref: TXN-11738503-CBC)
2026-04-02 17:42:54.070 [pool-4-thread-79] INFO  c.vaultcore.service.TransferService - Transfer initiated: CONC_SRC_1 -> CONC_DST_1, amount: 10.00
2026-04-02 17:42:54.081 [pool-4-thread-64] INFO  c.vaultcore.service.TransferService - Transfer completed: 10.00 (ref: TXN-5B03F6FE-29B)
2026-04-02 17:42:54.091 [pool-4-thread-57] INFO  c.vaultcore.service.TransferService - Transfer initiated: CONC_SRC_1 -> CONC_DST_1, amount: 10.00
2026-04-02 17:42:54.097 [pool-4-thread-69] INFO  c.vaultcore.service.TransferService - Transfer completed: 10.00 (ref: TXN-7C0876A4-415)
2026-04-02 17:42:54.108 [pool-4-thread-58] INFO  c.vaultcore.service.TransferService - Transfer initiated: CONC_SRC_1 -> CONC_DST_1, amount: 10.00
2026-04-02 17:42:54.114 [pool-4-thread-67] INFO  c.vaultcore.service.TransferService - Transfer completed: 10.00 (ref: TXN-73C4ED12-924)
2026-04-02 17:42:54.128 [pool-4-thread-54] INFO  c.vaultcore.service.TransferService - Transfer initiated: CONC_SRC_1 -> CONC_DST_1, amount: 10.00
2026-04-02 17:42:54.133 [pool-4-thread-57] INFO  c.vaultcore.service.TransferService - Transfer completed: 10.00 (ref: TXN-9908E320-B61)
2026-04-02 17:42:54.148 [pool-4-thread-55] INFO  c.vaultcore.service.TransferService - Transfer initiated: CONC_SRC_1 -> CONC_DST_1, amount: 10.00
2026-04-02 17:42:54.152 [pool-4-thread-58] INFO  c.vaultcore.service.TransferService - Transfer completed: 10.00 (ref: TXN-92C3EC3A-646)
2026-04-02 17:42:54.166 [pool-4-thread-56] INFO  c.vaultcore.service.TransferService - Transfer initiated: CONC_SRC_1 -> CONC_DST_1, amount: 10.00
2026-04-02 17:42:54.175 [pool-4-thread-54] INFO  c.vaultcore.service.TransferService - Transfer completed: 10.00 (ref: TXN-81177B2F-887)
2026-04-02 17:42:54.185 [pool-4-thread-63] INFO  c.vaultcore.service.TransferService - Transfer initiated: CONC_SRC_1 -> CONC_DST_1, amount: 10.00
2026-04-02 17:42:54.191 [pool-4-thread-55] INFO  c.vaultcore.service.TransferService - Transfer completed: 10.00 (ref: TXN-2B3BE32D-C75)
2026-04-02 17:42:54.204 [pool-4-thread-75] INFO  c.vaultcore.service.TransferService - Transfer initiated: CONC_SRC_1 -> CONC_DST_1, amount: 10.00
2026-04-02 17:42:54.210 [pool-4-thread-56] INFO  c.vaultcore.service.TransferService - Transfer completed: 10.00 (ref: TXN-2719AA67-B9D)
2026-04-02 17:42:54.220 [pool-4-thread-60] INFO  c.vaultcore.service.TransferService - Transfer initiated: CONC_SRC_1 -> CONC_DST_1, amount: 10.00
2026-04-02 17:42:54.224 [pool-4-thread-63] INFO  c.vaultcore.service.TransferService - Transfer completed: 10.00 (ref: TXN-4B9D33C0-23F)
2026-04-02 17:42:54.233 [pool-4-thread-70] INFO  c.vaultcore.service.TransferService - Transfer initiated: CONC_SRC_1 -> CONC_DST_1, amount: 10.00
2026-04-02 17:42:54.238 [pool-4-thread-75] INFO  c.vaultcore.service.TransferService - Transfer completed: 10.00 (ref: TXN-7FC68D73-C7E)
2026-04-02 17:42:54.248 [pool-4-thread-65] INFO  c.vaultcore.service.TransferService - Transfer initiated: CONC_SRC_1 -> CONC_DST_1, amount: 10.00
2026-04-02 17:42:54.252 [pool-4-thread-60] INFO  c.vaultcore.service.TransferService - Transfer completed: 10.00 (ref: TXN-4A108ABD-4D6)
2026-04-02 17:42:54.264 [pool-4-thread-62] INFO  c.vaultcore.service.TransferService - Transfer initiated: CONC_SRC_1 -> CONC_DST_1, amount: 10.00
2026-04-02 17:42:54.270 [pool-4-thread-70] INFO  c.vaultcore.service.TransferService - Transfer completed: 10.00 (ref: TXN-F3F9B98E-26A)
2026-04-02 17:42:54.278 [pool-4-thread-81] INFO  c.vaultcore.service.TransferService - Transfer initiated: CONC_SRC_1 -> CONC_DST_1, amount: 10.00
2026-04-02 17:42:54.284 [pool-4-thread-65] INFO  c.vaultcore.service.TransferService - Transfer completed: 10.00 (ref: TXN-DA97E626-1EE)
2026-04-02 17:42:54.295 [pool-4-thread-66] INFO  c.vaultcore.service.TransferService - Transfer initiated: CONC_SRC_1 -> CONC_DST_1, amount: 10.00
2026-04-02 17:42:54.300 [pool-4-thread-62] INFO  c.vaultcore.service.TransferService - Transfer completed: 10.00 (ref: TXN-A95ACB37-FD1)
2026-04-02 17:42:54.308 [pool-4-thread-61] INFO  c.vaultcore.service.TransferService - Transfer initiated: CONC_SRC_1 -> CONC_DST_1, amount: 10.00
2026-04-02 17:42:54.314 [pool-4-thread-81] INFO  c.vaultcore.service.TransferService - Transfer completed: 10.00 (ref: TXN-3E317083-3D6)
2026-04-02 17:42:54.321 [pool-4-thread-76] INFO  c.vaultcore.service.TransferService - Transfer initiated: CONC_SRC_1 -> CONC_DST_1, amount: 10.00
2026-04-02 17:42:54.326 [pool-4-thread-66] INFO  c.vaultcore.service.TransferService - Transfer completed: 10.00 (ref: TXN-C7433541-2F6)
2026-04-02 17:42:54.334 [pool-4-thread-85] INFO  c.vaultcore.service.TransferService - Transfer initiated: CONC_SRC_1 -> CONC_DST_1, amount: 10.00
2026-04-02 17:42:54.340 [pool-4-thread-61] INFO  c.vaultcore.service.TransferService - Transfer completed: 10.00 (ref: TXN-10611C79-4F1)
2026-04-02 17:42:54.346 [pool-4-thread-68] INFO  c.vaultcore.service.TransferService - Transfer initiated: CONC_SRC_1 -> CONC_DST_1, amount: 10.00
2026-04-02 17:42:54.351 [pool-4-thread-76] INFO  c.vaultcore.service.TransferService - Transfer completed: 10.00 (ref: TXN-ED383D7E-C1E)
2026-04-02 17:42:54.356 [pool-4-thread-47] INFO  c.vaultcore.service.TransferService - Transfer initiated: CONC_SRC_1 -> CONC_DST_1, amount: 10.00
2026-04-02 17:42:54.360 [pool-4-thread-85] INFO  c.vaultcore.service.TransferService - Transfer completed: 10.00 (ref: TXN-B5B7FD66-F21)
2026-04-02 17:42:54.368 [pool-4-thread-73] INFO  c.vaultcore.service.TransferService - Transfer initiated: CONC_SRC_1 -> CONC_DST_1, amount: 10.00
2026-04-02 17:42:54.372 [pool-4-thread-68] INFO  c.vaultcore.service.TransferService - Transfer completed: 10.00 (ref: TXN-FE36D2C2-B8A)
2026-04-02 17:42:54.380 [pool-4-thread-86] INFO  c.vaultcore.service.TransferService - Transfer initiated: CONC_SRC_1 -> CONC_DST_1, amount: 10.00
2026-04-02 17:42:54.383 [pool-4-thread-47] INFO  c.vaultcore.service.TransferService - Transfer completed: 10.00 (ref: TXN-17464587-AB3)
2026-04-02 17:42:54.389 [pool-4-thread-72] INFO  c.vaultcore.service.TransferService - Transfer initiated: CONC_SRC_1 -> CONC_DST_1, amount: 10.00
2026-04-02 17:42:54.392 [pool-4-thread-73] INFO  c.vaultcore.service.TransferService - Transfer completed: 10.00 (ref: TXN-442CA5E0-059)
2026-04-02 17:42:54.398 [pool-4-thread-71] INFO  c.vaultcore.service.TransferService - Transfer initiated: CONC_SRC_1 -> CONC_DST_1, amount: 10.00
2026-04-02 17:42:54.402 [pool-4-thread-86] INFO  c.vaultcore.service.TransferService - Transfer completed: 10.00 (ref: TXN-77828628-ABB)
2026-04-02 17:42:54.409 [pool-4-thread-82] INFO  c.vaultcore.service.TransferService - Transfer initiated: CONC_SRC_1 -> CONC_DST_1, amount: 10.00
2026-04-02 17:42:54.414 [pool-4-thread-72] INFO  c.vaultcore.service.TransferService - Transfer completed: 10.00 (ref: TXN-FE4FC14B-F8A)
2026-04-02 17:42:54.420 [pool-4-thread-77] INFO  c.vaultcore.service.TransferService - Transfer initiated: CONC_SRC_1 -> CONC_DST_1, amount: 10.00
2026-04-02 17:42:54.424 [pool-4-thread-71] INFO  c.vaultcore.service.TransferService - Transfer completed: 10.00 (ref: TXN-4F0C3D50-B36)
2026-04-02 17:42:54.432 [pool-4-thread-78] INFO  c.vaultcore.service.TransferService - Transfer initiated: CONC_SRC_1 -> CONC_DST_1, amount: 10.00
2026-04-02 17:42:54.436 [pool-4-thread-82] INFO  c.vaultcore.service.TransferService - Transfer completed: 10.00 (ref: TXN-5D8A3310-062)
2026-04-02 17:42:54.443 [pool-4-thread-74] INFO  c.vaultcore.service.TransferService - Transfer initiated: CONC_SRC_1 -> CONC_DST_1, amount: 10.00
2026-04-02 17:42:54.450 [pool-4-thread-77] INFO  c.vaultcore.service.TransferService - Transfer completed: 10.00 (ref: TXN-38DC203A-8ED)
2026-04-02 17:42:54.456 [pool-4-thread-59] INFO  c.vaultcore.service.TransferService - Transfer initiated: CONC_SRC_1 -> CONC_DST_1, amount: 10.00
2026-04-02 17:42:54.464 [pool-4-thread-78] INFO  c.vaultcore.service.TransferService - Transfer completed: 10.00 (ref: TXN-63BC56B8-40A)
2026-04-02 17:42:54.474 [pool-4-thread-80] INFO  c.vaultcore.service.TransferService - Transfer initiated: CONC_SRC_1 -> CONC_DST_1, amount: 10.00
2026-04-02 17:42:54.479 [pool-4-thread-74] INFO  c.vaultcore.service.TransferService - Transfer completed: 10.00 (ref: TXN-9EDCAC03-BBF)
2026-04-02 17:42:54.485 [pool-4-thread-97] INFO  c.vaultcore.service.TransferService - Transfer initiated: CONC_SRC_1 -> CONC_DST_1, amount: 10.00
2026-04-02 17:42:54.488 [pool-4-thread-59] INFO  c.vaultcore.service.TransferService - Transfer completed: 10.00 (ref: TXN-8716DA90-E7B)
2026-04-02 17:42:54.493 [pool-4-thread-98] INFO  c.vaultcore.service.TransferService - Transfer initiated: CONC_SRC_1 -> CONC_DST_1, amount: 10.00
2026-04-02 17:42:54.496 [pool-4-thread-80] INFO  c.vaultcore.service.TransferService - Transfer completed: 10.00 (ref: TXN-96FBCB0C-15C)
2026-04-02 17:42:54.501 [pool-4-thread-89] INFO  c.vaultcore.service.TransferService - Transfer initiated: CONC_SRC_1 -> CONC_DST_1, amount: 10.00
2026-04-02 17:42:54.505 [pool-4-thread-97] INFO  c.vaultcore.service.TransferService - Transfer completed: 10.00 (ref: TXN-487142FB-270)
2026-04-02 17:42:54.511 [pool-4-thread-99] INFO  c.vaultcore.service.TransferService - Transfer initiated: CONC_SRC_1 -> CONC_DST_1, amount: 10.00
2026-04-02 17:42:54.514 [pool-4-thread-98] INFO  c.vaultcore.service.TransferService - Transfer completed: 10.00 (ref: TXN-FA2F8BFC-334)
2026-04-02 17:42:54.518 [pool-4-thread-90] INFO  c.vaultcore.service.TransferService - Transfer initiated: CONC_SRC_1 -> CONC_DST_1, amount: 10.00
2026-04-02 17:42:54.522 [pool-4-thread-89] INFO  c.vaultcore.service.TransferService - Transfer completed: 10.00 (ref: TXN-5B72FDD6-00A)
2026-04-02 17:42:54.527 [pool-4-thread-88] INFO  c.vaultcore.service.TransferService - Transfer initiated: CONC_SRC_1 -> CONC_DST_1, amount: 10.00
2026-04-02 17:42:54.531 [pool-4-thread-99] INFO  c.vaultcore.service.TransferService - Transfer completed: 10.00 (ref: TXN-EBD3CB75-63D)
2026-04-02 17:42:54.537 [pool-4-thread-92] INFO  c.vaultcore.service.TransferService - Transfer initiated: CONC_SRC_1 -> CONC_DST_1, amount: 10.00
2026-04-02 17:42:54.541 [pool-4-thread-90] INFO  c.vaultcore.service.TransferService - Transfer completed: 10.00 (ref: TXN-EE508FE0-231)
2026-04-02 17:42:54.549 [pool-4-thread-91] INFO  c.vaultcore.service.TransferService - Transfer initiated: CONC_SRC_1 -> CONC_DST_1, amount: 10.00
2026-04-02 17:42:54.554 [pool-4-thread-88] INFO  c.vaultcore.service.TransferService - Transfer completed: 10.00 (ref: TXN-E7A221D5-A04)
2026-04-02 17:42:54.560 [pool-4-thread-87] INFO  c.vaultcore.service.TransferService - Transfer initiated: CONC_SRC_1 -> CONC_DST_1, amount: 10.00
2026-04-02 17:42:54.565 [pool-4-thread-92] INFO  c.vaultcore.service.TransferService - Transfer completed: 10.00 (ref: TXN-3BB5234F-DC5)
2026-04-02 17:42:54.570 [pool-4-thread-93] INFO  c.vaultcore.service.TransferService - Transfer initiated: CONC_SRC_1 -> CONC_DST_1, amount: 10.00
2026-04-02 17:42:54.573 [pool-4-thread-91] INFO  c.vaultcore.service.TransferService - Transfer completed: 10.00 (ref: TXN-A3FC09E6-8D3)
2026-04-02 17:42:54.579 [pool-4-thread-94] INFO  c.vaultcore.service.TransferService - Transfer initiated: CONC_SRC_1 -> CONC_DST_1, amount: 10.00
2026-04-02 17:42:54.583 [pool-4-thread-87] INFO  c.vaultcore.service.TransferService - Transfer completed: 10.00 (ref: TXN-D86FCC11-1A5)
2026-04-02 17:42:54.589 [pool-4-thread-95] INFO  c.vaultcore.service.TransferService - Transfer initiated: CONC_SRC_1 -> CONC_DST_1, amount: 10.00
2026-04-02 17:42:54.593 [pool-4-thread-93] INFO  c.vaultcore.service.TransferService - Transfer completed: 10.00 (ref: TXN-60B92961-62C)
2026-04-02 17:42:54.600 [pool-4-thread-96] INFO  c.vaultcore.service.TransferService - Transfer initiated: CONC_SRC_1 -> CONC_DST_1, amount: 10.00
2026-04-02 17:42:54.604 [pool-4-thread-94] INFO  c.vaultcore.service.TransferService - Transfer completed: 10.00 (ref: TXN-7B6770CD-30C)
2026-04-02 17:42:54.611 [pool-4-thread-83] INFO  c.vaultcore.service.TransferService - Transfer initiated: CONC_SRC_1 -> CONC_DST_1, amount: 10.00
2026-04-02 17:42:54.615 [pool-4-thread-49] INFO  c.vaultcore.service.TransferService - Transfer completed: 10.00 (ref: TXN-57B07391-C53)
2026-04-02 17:42:54.622 [pool-4-thread-100] INFO  c.vaultcore.service.TransferService - Transfer initiated: CONC_SRC_1 -> CONC_DST_1, amount: 10.00
2026-04-02 17:42:54.626 [pool-4-thread-96] INFO  c.vaultcore.service.TransferService - Transfer completed: 10.00 (ref: TXN-F6658345-844)
2026-04-02 17:42:54.632 [pool-4-thread-84] INFO  c.vaultcore.service.TransferService - Transfer initiated: CONC_SRC_1 -> CONC_DST_1, amount: 10.00
2026-04-02 17:42:54.636 [pool-4-thread-83] INFO  c.vaultcore.service.TransferService - Transfer completed: 10.00 (ref: TXN-D5093CCA-EA7)
2026-04-02 17:42:54.647 [pool-4-thread-100] INFO  c.vaultcore.service.TransferService - Transfer completed: 10.00 (ref: TXN-5D5F829B-FB4)
2026-04-02 17:42:54.658 [pool-4-thread-84] INFO  c.vaultcore.service.TransferService - Transfer completed: 10.00 (ref: TXN-CCF2B0B2-179)
2026-04-02 17:42:54.669 [pool-4-thread-6] INFO  c.vaultcore.service.TransferService - Transfer completed: 10.00 (ref: TXN-1F037789-9C9)
2026-04-02 17:42:54.680 [pool-4-thread-95] INFO  c.vaultcore.service.TransferService - Transfer completed: 10.00 (ref: TXN-665D2AF0-B0D)
2026-04-02 17:42:54.690 [pool-4-thread-79] INFO  c.vaultcore.service.TransferService - Transfer completed: 10.00 (ref: TXN-ECEEB9C2-B35)
2026-04-02 17:42:54.699 [pool-4-thread-51] INFO  c.vaultcore.service.TransferService - Transfer completed: 10.00 (ref: TXN-CA3CA332-315)
2026-04-02 17:42:54.712 [pool-4-thread-5] INFO  c.vaultcore.service.TransferService - Transfer completed: 10.00 (ref: TXN-9D01186C-303)
2026-04-02 17:42:54.729 [pool-4-thread-46] INFO  c.vaultcore.service.TransferService - Transfer completed: 10.00 (ref: TXN-EE8C86A1-A42)
2026-04-02 17:42:54.747 [pool-4-thread-48] INFO  c.vaultcore.service.TransferService - Transfer completed: 10.00 (ref: TXN-F8E05808-B47)
2026-04-02 17:42:54.774 [pool-4-thread-10] INFO  c.vaultcore.service.TransferService - Transfer completed: 10.00 (ref: TXN-05C20D8C-A17)
2026-04-02 17:42:54.793 [pool-4-thread-13] INFO  c.vaultcore.service.TransferService - Transfer completed: 10.00 (ref: TXN-6DD8992A-91A)
2026-04-02 17:42:54.821 [pool-4-thread-12] INFO  c.vaultcore.service.TransferService - Transfer completed: 10.00 (ref: TXN-C93088E8-18E)
2026-04-02 17:42:54.868 [pool-4-thread-20] INFO  c.vaultcore.service.TransferService - Transfer completed: 10.00 (ref: TXN-F3CD117C-4F3)
2026-04-02 17:42:54.884 [pool-4-thread-1] INFO  c.vaultcore.service.TransferService - Transfer completed: 10.00 (ref: TXN-4DDB0F5C-D41)
2026-04-02 17:42:54.909 [pool-4-thread-8] INFO  c.vaultcore.service.TransferService - Transfer completed: 10.00 (ref: TXN-3BB75626-9F4)
2026-04-02 17:42:54.934 [pool-4-thread-7] INFO  c.vaultcore.service.TransferService - Transfer completed: 10.00 (ref: TXN-F6907E7F-E7D)
2026-04-02 17:42:54.998 [pool-4-thread-30] INFO  c.vaultcore.service.TransferService - Transfer completed: 10.00 (ref: TXN-992D0E1B-CA8)
2026-04-02 17:42:55.067 [pool-4-thread-17] INFO  c.vaultcore.service.TransferService - Transfer completed: 10.00 (ref: TXN-A31FEB47-3DC)
2026-04-02 17:42:55.088 [pool-4-thread-29] INFO  c.vaultcore.service.TransferService - Transfer completed: 10.00 (ref: TXN-33B27CA6-15E)
]]></system-out>
  </testcase>
</testsuite>